2025-07-14 10:50:23 - INFO - Iniciando conexión con Google Sheets...
2025-07-14 10:50:23 - ERROR - Error conectando con Google Sheets: [Errno 2] No such file or directory: './credentials.json'
2025-07-14 10:50:23 - INFO - Obteniendo contactos desde la hoja...
2025-07-14 10:50:23 - ERROR - Error obteniendo filas: 'NoneType' object has no attribute 'get_all_records'
2025-07-14 10:50:23 - WARNING - No se encontraron contactos. Abortando ejecución.
2025-07-14 10:52:21 - INFO - Iniciando conexión con Google Sheets...
2025-07-14 10:52:22 - INFO - Obteniendo contactos desde la hoja...
2025-07-14 10:52:22 - INFO - Obteniendo índices de columnas...
2025-07-14 10:52:23 - INFO - Actualizado Interés a Alto en fila 2 por Respondió marcado.
2025-07-14 10:52:24 - INFO - Actualizado Interés a Alto en fila 106 por Respondió marcado.
2025-07-14 10:52:24 - INFO - Actualizado Interés a Alto en fila 108 por Respondió marcado.
2025-07-14 10:52:25 - INFO - Actualizado Interés a Alto en fila 154 por Respondió marcado.
2025-07-14 10:52:25 - INFO - Actualizado Interés a Alto en fila 159 por Respondió marcado.
2025-07-14 10:52:25 - INFO - Actualizado Interés a Alto en fila 164 por Respondió marcado.
2025-07-14 10:52:25 - INFO - Actualizado Interés a Alto en fila 173 por Respondió marcado.
2025-07-14 10:52:25 - INFO - Actualizado Interés a Alto en fila 174 por Respondió marcado.
2025-07-14 10:52:26 - INFO - Actualizado Interés a Alto en fila 188 por Respondió marcado.
2025-07-14 10:52:26 - INFO - Actualizado Interés a Alto en fila 190 por Respondió marcado.
2025-07-14 10:52:26 - INFO - Actualizado Interés a Alto en fila 193 por Respondió marcado.
2025-07-14 10:52:26 - INFO - Actualizado Interés a Alto en fila 195 por Respondió marcado.
2025-07-14 10:52:26 - INFO - Actualizado Interés a Alto en fila 196 por Respondió marcado.
2025-07-14 10:52:27 - INFO - Actualizado Interés a Alto en fila 201 por Respondió marcado.
2025-07-14 10:52:27 - INFO - Actualizado Interés a Alto en fila 203 por Respondió marcado.
2025-07-14 10:52:27 - INFO - Actualizado Interés a Alto en fila 205 por Respondió marcado.
2025-07-14 10:52:27 - INFO - Actualizado Interés a Alto en fila 212 por Respondió marcado.
2025-07-14 10:52:27 - INFO - Actualizado Interés a Alto en fila 215 por Respondió marcado.
2025-07-14 10:52:27 - INFO - Actualizado Interés a Alto en fila 216 por Respondió marcado.
2025-07-14 10:52:28 - INFO - Actualizado Interés a Alto en fila 232 por Respondió marcado.
2025-07-14 10:52:28 - INFO - Actualizando interés a Alto para contactos con Respondió o Entrada Gratis...
2025-07-14 10:52:28 - INFO - Actualizado interés a 'Alto' para 61 contactos.
2025-07-14 10:52:28 - INFO - Iniciando Selenium WebDriver...
2025-07-14 10:52:30 - INFO - Driver de Chrome iniciado correctamente.
2025-07-14 10:52:30 - INFO - Contactos sin pase detectados: 1
2025-07-14 10:52:30 - INFO - Contactos con pase detectados: 0
2025-07-14 10:52:30 - INFO - Saltando envío de mensajes de convocatoria inicial.
2025-07-14 10:52:30 - INFO - Saltando envío de mensajes de resultados.
2025-07-14 10:52:30 - INFO - Saltando envío de recordatorios de confirmación.
2025-07-14 10:52:30 - INFO - Saltando revisión automática de respuestas.
2025-07-14 10:52:30 - INFO - Saltando envío de mensajes de integración.
2025-07-14 10:52:30 - INFO - Cerrando driver de Selenium...
2025-07-14 10:52:33 - INFO - Iniciando revisión de perfiles de Instagram...
2025-07-14 10:52:33 - INFO - Conectado a la hoja IG‑IM
2025-07-14 10:52:34 - INFO - Perfiles IG obtenidos: 184
2025-07-14 10:52:36 - INFO - Driver IG iniciado correctamente.
2025-07-14 10:52:36 - INFO - [1/40] Revisando @venuz.gnz (fila 3)…
2025-07-14 10:52:36 - DEBUG - Abriendo perfil IG: https://www.instagram.com/venuz.gnz/
2025-07-14 10:52:50 - INFO - Perfil IG 'venuz.gnz' no existe.
2025-07-14 10:52:50 - DEBUG - Pausa de 8.32 s
2025-07-14 10:52:58 - INFO - [2/40] Revisando @naimaag_ (fila 4)…
2025-07-14 10:52:58 - DEBUG - Abriendo perfil IG: https://www.instagram.com/naimaag_/
2025-07-14 10:53:01 - INFO - Perfil IG 'naimaag_' -> existe: True, seguidores: 0
2025-07-14 10:53:02 - DEBUG - Pausa de 9.32 s
2025-07-14 10:53:07 - INFO - Cerrando driver IG…
2025-07-14 11:02:46 - INFO - Iniciando conexión con Google Sheets...
2025-07-14 11:02:47 - INFO - Obteniendo contactos desde la hoja...
2025-07-14 11:02:47 - INFO - Obteniendo índices de columnas...
2025-07-14 11:02:48 - INFO - Actualizando interés a Alto para contactos con Respondió o Entrada Gratis...
2025-07-14 11:02:48 - INFO - Actualizado interés a 'Alto' para 61 contactos.
2025-07-14 11:02:48 - INFO - Iniciando Selenium WebDriver...
2025-07-14 11:02:50 - INFO - Driver de Chrome iniciado correctamente.
2025-07-14 11:02:50 - INFO - Contactos sin pase detectados: 1
2025-07-14 11:02:50 - INFO - Contactos con pase detectados: 0
2025-07-14 11:02:50 - INFO - Saltando envío de mensajes de convocatoria inicial.
2025-07-14 11:02:50 - INFO - Saltando envío de mensajes de resultados.
2025-07-14 11:02:50 - INFO - Saltando envío de recordatorios de confirmación.
2025-07-14 11:02:50 - INFO - Saltando revisión automática de respuestas.
2025-07-14 11:02:50 - INFO - Saltando envío de mensajes de integración.
2025-07-14 11:02:50 - INFO - Cerrando driver de Selenium...
2025-07-14 11:02:53 - INFO - Iniciando revisión de perfiles de Instagram...
2025-07-14 11:02:53 - INFO - Conectado a la hoja IG‑IM
2025-07-14 11:02:54 - INFO - Perfiles IG obtenidos: 184
2025-07-14 11:02:56 - INFO - Driver IG iniciado correctamente.
2025-07-14 11:02:56 - INFO - [1/40] Revisando @venuz.gnz (fila 3)…
2025-07-14 11:02:56 - DEBUG - Abriendo perfil IG: https://www.instagram.com/venuz.gnz/
2025-07-14 11:03:10 - INFO - Perfil IG 'venuz.gnz' no existe.
2025-07-14 11:03:10 - DEBUG - Pausa de 7.74 s
2025-07-14 11:03:18 - INFO - [2/40] Revisando @naimaag_ (fila 4)…
2025-07-14 11:03:18 - DEBUG - Abriendo perfil IG: https://www.instagram.com/naimaag_/
2025-07-14 11:03:20 - INFO - Perfil IG 'naimaag_' -> existe: True, seguidores: 0
2025-07-14 11:03:22 - DEBUG - Pausa de 9.71 s
2025-07-14 11:03:32 - INFO - [3/40] Revisando @defrangatang (fila 10)…
2025-07-14 11:03:32 - DEBUG - Abriendo perfil IG: https://www.instagram.com/defrangatang/
2025-07-14 11:03:33 - INFO - Perfil IG 'defrangatang' -> existe: True, seguidores: 0
2025-07-14 11:03:35 - DEBUG - Pausa de 7.29 s
2025-07-14 11:03:42 - INFO - [4/40] Revisando @ethiuka (fila 12)…
2025-07-14 11:03:42 - DEBUG - Abriendo perfil IG: https://www.instagram.com/ethiuka/
2025-07-14 11:03:44 - INFO - Perfil IG 'ethiuka' -> existe: True, seguidores: 0
2025-07-14 11:03:46 - DEBUG - Pausa de 9.39 s
2025-07-14 11:03:47 - INFO - Cerrando driver IG…
2025-07-14 11:03:59 - INFO - Revisión IG finalizada. 4 perfiles procesados.
2025-07-14 11:12:04 - INFO - Iniciando conexión con Google Sheets...
2025-07-14 11:12:05 - INFO - Obteniendo contactos desde la hoja...
2025-07-14 11:12:05 - INFO - Obteniendo índices de columnas...
2025-07-14 11:12:06 - INFO - Actualizando interés a Alto para contactos con Respondió o Entrada Gratis...
2025-07-14 11:12:06 - INFO - Actualizado interés a 'Alto' para 61 contactos.
2025-07-14 11:12:06 - INFO - Iniciando Selenium WebDriver...
2025-07-14 11:12:08 - INFO - Driver de Chrome iniciado correctamente.
2025-07-14 11:12:08 - INFO - Contactos sin pase detectados: 1
2025-07-14 11:12:08 - INFO - Contactos con pase detectados: 0
2025-07-14 11:12:08 - INFO - Saltando envío de mensajes de convocatoria inicial.
2025-07-14 11:12:08 - INFO - Saltando envío de mensajes de resultados.
2025-07-14 11:12:08 - INFO - Saltando envío de recordatorios de confirmación.
2025-07-14 11:12:08 - INFO - Saltando revisión automática de respuestas.
2025-07-14 11:12:08 - INFO - Saltando envío de mensajes de integración.
2025-07-14 11:12:08 - INFO - Cerrando driver de Selenium...
2025-07-14 11:12:10 - INFO - Iniciando revisión de perfiles de Instagram...
2025-07-14 11:12:11 - INFO - Conectado a la hoja IG‑IM
2025-07-14 11:12:12 - INFO - Perfiles IG obtenidos: 184
2025-07-14 11:12:13 - INFO - Driver IG iniciado correctamente.
2025-07-14 11:12:13 - INFO - [1/40] Revisando @venuz.gnz (fila 3)…
2025-07-14 11:12:19 - DEBUG - Pausa de 5.96 s
2025-07-14 11:12:25 - INFO - [2/40] Revisando @naimaag_ (fila 4)…
2025-07-14 11:12:30 - DEBUG - Pausa de 9.26 s
2025-07-14 11:12:39 - INFO - [3/40] Revisando @defrangatang (fila 10)…
2025-07-14 11:12:44 - DEBUG - Pausa de 9.84 s
2025-07-14 11:12:54 - INFO - [4/40] Revisando @ethiuka (fila 12)…
2025-07-14 11:12:58 - DEBUG - Pausa de 9.02 s
2025-07-14 11:13:07 - INFO - [5/40] Revisando @marian bayer (fila 13)…
2025-07-14 11:13:12 - DEBUG - Pausa de 7.77 s
2025-07-14 11:13:20 - INFO - [6/40] Revisando @mongonzalez (fila 19)…
2025-07-14 11:13:25 - DEBUG - Pausa de 6.00 s
2025-07-14 11:13:31 - INFO - [7/40] Revisando @aloxoxov (fila 20)…
2025-07-14 11:13:36 - DEBUG - Pausa de 8.48 s
2025-07-14 11:13:45 - INFO - [8/40] Revisando @andycm._ (fila 21)…
2025-07-14 11:13:49 - DEBUG - Pausa de 7.91 s
2025-07-14 11:13:54 - INFO - Cerrando driver IG…
2025-07-14 11:14:06 - INFO - Revisión IG finalizada. 8 perfiles procesados.
2025-07-14 11:17:26 - INFO - Iniciando conexión con Google Sheets...
2025-07-14 11:17:26 - INFO - Obteniendo contactos desde la hoja...
2025-07-14 11:17:27 - INFO - Obteniendo índices de columnas...
2025-07-14 11:17:27 - INFO - Actualizando interés a Alto para contactos con Respondió o Entrada Gratis...
2025-07-14 11:17:28 - INFO - Actualizado interés a 'Alto' para 61 contactos.
2025-07-14 11:17:28 - INFO - Iniciando Selenium WebDriver...
2025-07-14 11:17:30 - INFO - Driver de Chrome iniciado correctamente.
2025-07-14 11:17:30 - INFO - Contactos sin pase detectados: 1
2025-07-14 11:17:30 - INFO - Contactos con pase detectados: 0
2025-07-14 11:17:30 - INFO - Saltando envío de mensajes de convocatoria inicial.
2025-07-14 11:17:30 - INFO - Saltando envío de mensajes de resultados.
2025-07-14 11:17:30 - INFO - Saltando envío de recordatorios de confirmación.
2025-07-14 11:17:30 - INFO - Saltando revisión automática de respuestas.
2025-07-14 11:17:30 - INFO - Saltando envío de mensajes de integración.
2025-07-14 11:17:30 - INFO - Cerrando driver de Selenium...
2025-07-14 11:17:32 - INFO - Iniciando revisión de perfiles de Instagram...
2025-07-14 11:17:33 - INFO - Conectado a la hoja IG‑IM
2025-07-14 11:17:34 - INFO - Perfiles IG obtenidos: 184
2025-07-14 11:17:35 - INFO - Driver IG iniciado correctamente.
2025-07-14 11:17:35 - INFO - [1/40] Revisando @venuz.gnz (fila 3)…
2025-07-14 11:17:41 - DEBUG - Pausa de 3.46 s
2025-07-14 11:17:45 - INFO - [2/40] Revisando @naimaag_ (fila 4)…
2025-07-14 11:17:49 - DEBUG - Pausa de 2.57 s
2025-07-14 11:17:52 - INFO - [3/40] Revisando @defrangatang (fila 10)…
2025-07-14 11:17:58 - DEBUG - Pausa de 4.74 s
2025-07-14 11:18:03 - INFO - [4/40] Revisando @ethiuka (fila 12)…
2025-07-14 11:18:07 - INFO - Cerrando driver IG…
2025-07-14 11:18:09 - INFO - Revisión IG finalizada. 3 perfiles procesados.
2025-07-14 11:18:09 - ERROR - Error al revisar perfiles de Instagram: Message: invalid session id: session deleted as the browser has closed the connection
from disconnected: not connected to DevTools
  (Session info: chrome=138.0.7204.101)
Stacktrace:
	GetHandleVerifier [0x0x7ff7f1636f65+76917]
	GetHandleVerifier [0x0x7ff7f1636fc0+77008]
	(No symbol) [0x0x7ff7f13e9dea]
	(No symbol) [0x0x7ff7f13d5f15]
	(No symbol) [0x0x7ff7f13fabf4]
	(No symbol) [0x0x7ff7f146fa85]
	(No symbol) [0x0x7ff7f148ff72]
	(No symbol) [0x0x7ff7f1468243]
	(No symbol) [0x0x7ff7f1431431]
	(No symbol) [0x0x7ff7f14321c3]
	GetHandleVerifier [0x0x7ff7f190d29d+3051437]
	GetHandleVerifier [0x0x7ff7f19078f3+3028483]
	GetHandleVerifier [0x0x7ff7f192588d+3151261]
	GetHandleVerifier [0x0x7ff7f165182e+185662]
	GetHandleVerifier [0x0x7ff7f16596ef+218111]
	GetHandleVerifier [0x0x7ff7f163fae4+112628]
	GetHandleVerifier [0x0x7ff7f163fc99+113065]
	GetHandleVerifier [0x0x7ff7f1626c68+10616]
	BaseThreadInitThunk [0x0x7ffcdb53e8d7+23]
	RtlUserThreadStart [0x0x7ffcdbdfc34c+44]
Traceback (most recent call last):
  File "C:\bin\instant-moments\auto_im.py", line 216, in main
    revisar_perfiles_instagram()
    ~~~~~~~~~~~~~~~~~~~~~~~~~~^^
  File "C:\bin\instant-moments\ig_utils\verificar_perfiles.py", line 108, in revisar_perfiles_instagram
    existe, seguidores = verificar_perfil_instagram(driver, usuario)
                         ~~~~~~~~~~~~~~~~~~~~~~~~~~^^^^^^^^^^^^^^^^^
  File "C:\bin\instant-moments\ig_utils\ig_profile_check.py", line 23, in verificar_perfil_instagram
    pagina = driver.page_source.lower()
             ^^^^^^^^^^^^^^^^^^
  File "C:\bin\Python313\Lib\site-packages\selenium\webdriver\remote\webdriver.py", line 586, in page_source
    return self.execute(Command.GET_PAGE_SOURCE)["value"]
           ~~~~~~~~~~~~^^^^^^^^^^^^^^^^^^^^^^^^^
  File "C:\bin\Python313\Lib\site-packages\selenium\webdriver\remote\webdriver.py", line 447, in execute
    self.error_handler.check_response(response)
    ~~~~~~~~~~~~~~~~~~~~~~~~~~~~~~~~~^^^^^^^^^^
  File "C:\bin\Python313\Lib\site-packages\selenium\webdriver\remote\errorhandler.py", line 232, in check_response
    raise exception_class(message, screen, stacktrace)
selenium.common.exceptions.InvalidSessionIdException: Message: invalid session id: session deleted as the browser has closed the connection
from disconnected: not connected to DevTools
  (Session info: chrome=138.0.7204.101)
Stacktrace:
	GetHandleVerifier [0x0x7ff7f1636f65+76917]
	GetHandleVerifier [0x0x7ff7f1636fc0+77008]
	(No symbol) [0x0x7ff7f13e9dea]
	(No symbol) [0x0x7ff7f13d5f15]
	(No symbol) [0x0x7ff7f13fabf4]
	(No symbol) [0x0x7ff7f146fa85]
	(No symbol) [0x0x7ff7f148ff72]
	(No symbol) [0x0x7ff7f1468243]
	(No symbol) [0x0x7ff7f1431431]
	(No symbol) [0x0x7ff7f14321c3]
	GetHandleVerifier [0x0x7ff7f190d29d+3051437]
	GetHandleVerifier [0x0x7ff7f19078f3+3028483]
	GetHandleVerifier [0x0x7ff7f192588d+3151261]
	GetHandleVerifier [0x0x7ff7f165182e+185662]
	GetHandleVerifier [0x0x7ff7f16596ef+218111]
	GetHandleVerifier [0x0x7ff7f163fae4+112628]
	GetHandleVerifier [0x0x7ff7f163fc99+113065]
	GetHandleVerifier [0x0x7ff7f1626c68+10616]
	BaseThreadInitThunk [0x0x7ffcdb53e8d7+23]
	RtlUserThreadStart [0x0x7ffcdbdfc34c+44]

2025-07-14 11:24:41 - INFO - Iniciando conexión con Google Sheets...
2025-07-14 11:24:42 - INFO - Obteniendo contactos desde la hoja...
2025-07-14 11:24:42 - INFO - Obteniendo índices de columnas...
2025-07-14 11:24:43 - INFO - Actualizando interés a Alto para contactos con Respondió o Entrada Gratis...
2025-07-14 11:24:43 - INFO - Actualizado interés a 'Alto' para 61 contactos.
2025-07-14 11:24:43 - INFO - Iniciando Selenium WebDriver...
2025-07-14 11:24:45 - INFO - Driver de Chrome iniciado correctamente.
2025-07-14 11:24:45 - INFO - Contactos sin pase detectados: 1
2025-07-14 11:24:45 - INFO - Contactos con pase detectados: 0
2025-07-14 11:24:45 - INFO - Saltando envío de mensajes de convocatoria inicial.
2025-07-14 11:24:45 - INFO - Saltando envío de mensajes de resultados.
2025-07-14 11:24:45 - INFO - Saltando envío de recordatorios de confirmación.
2025-07-14 11:24:45 - INFO - Saltando revisión automática de respuestas.
2025-07-14 11:24:45 - INFO - Saltando envío de mensajes de integración.
2025-07-14 11:24:45 - INFO - Cerrando driver de Selenium...
2025-07-14 11:24:48 - INFO - Iniciando revisión de perfiles de Instagram...
2025-07-14 11:24:49 - INFO - Conectado a la hoja IG‑IM
2025-07-14 11:24:49 - INFO - Perfiles IG obtenidos: 181
2025-07-14 11:24:51 - INFO - Driver IG iniciado correctamente.
2025-07-14 11:24:51 - INFO - [1/40] Revisando @ethiuka (fila 12)…
2025-07-14 11:24:56 - DEBUG - Pausa de 5.18 s
2025-07-14 11:25:01 - INFO - [2/40] Revisando @marian bayer (fila 13)…
2025-07-14 11:25:06 - DEBUG - Pausa de 5.63 s
2025-07-14 11:25:11 - INFO - [3/40] Revisando @mongonzalez (fila 19)…
2025-07-14 11:25:16 - DEBUG - Pausa de 4.45 s
2025-07-14 11:25:21 - INFO - [4/40] Revisando @aloxoxov (fila 20)…
2025-07-14 11:25:25 - DEBUG - Pausa de 3.09 s
2025-07-14 11:25:28 - INFO - [5/40] Revisando @andycm._ (fila 21)…
2025-07-14 11:25:34 - DEBUG - Pausa de 4.89 s
2025-07-14 11:25:38 - INFO - [6/40] Revisando @_pimpflaca_ (fila 30)…
2025-07-14 11:25:39 - INFO - Cerrando driver IG…
2025-07-14 11:25:55 - INFO - Revisión IG finalizada. 5 perfiles procesados.
2025-07-14 11:31:01 - INFO - Iniciando conexión con Google Sheets...
2025-07-14 11:31:02 - INFO - Obteniendo contactos desde la hoja...
2025-07-14 11:31:03 - INFO - Obteniendo índices de columnas...
2025-07-14 11:31:03 - INFO - Actualizando interés a Alto para contactos con Respondió o Entrada Gratis...
2025-07-14 11:31:04 - INFO - Actualizado interés a 'Alto' para 61 contactos.
2025-07-14 11:31:04 - INFO - Iniciando Selenium WebDriver...
2025-07-14 11:31:05 - INFO - Driver de Chrome iniciado correctamente.
2025-07-14 11:31:05 - INFO - Contactos sin pase detectados: 1
2025-07-14 11:31:06 - INFO - Contactos con pase detectados: 0
2025-07-14 11:31:06 - INFO - Saltando envío de mensajes de convocatoria inicial.
2025-07-14 11:31:06 - INFO - Saltando envío de mensajes de resultados.
2025-07-14 11:31:06 - INFO - Saltando envío de recordatorios de confirmación.
2025-07-14 11:31:06 - INFO - Saltando revisión automática de respuestas.
2025-07-14 11:31:06 - INFO - Saltando envío de mensajes de integración.
2025-07-14 11:31:06 - INFO - Cerrando driver de Selenium...
2025-07-14 11:31:08 - INFO - Iniciando revisión de perfiles de Instagram...
2025-07-14 11:31:09 - INFO - Conectado a la hoja IG‑IM
2025-07-14 11:31:09 - INFO - Perfiles IG obtenidos: 184
2025-07-14 11:31:11 - INFO - Driver IG iniciado correctamente.
2025-07-14 11:31:11 - INFO - [1/40] Revisando @venuz.gnz (fila 3)…
2025-07-14 11:31:16 - DEBUG - Pausa de 4.38 s
2025-07-14 11:31:21 - INFO - [2/40] Revisando @naimaag_ (fila 4)…
2025-07-14 11:31:25 - DEBUG - Pausa de 5.20 s
2025-07-14 11:31:31 - INFO - [3/40] Revisando @defrangatang (fila 10)…
2025-07-14 11:31:36 - DEBUG - Pausa de 2.92 s
2025-07-14 11:31:39 - INFO - [4/40] Revisando @ethiuka (fila 12)…
2025-07-14 11:31:43 - DEBUG - Pausa de 5.95 s
2025-07-14 11:31:49 - INFO - [5/40] Revisando @marian bayer (fila 13)…
2025-07-14 11:31:54 - DEBUG - Pausa de 4.75 s
2025-07-14 11:31:58 - INFO - [6/40] Revisando @mongonzalez (fila 19)…
2025-07-14 11:32:03 - DEBUG - Pausa de 4.66 s
2025-07-14 11:32:08 - INFO - [7/40] Revisando @aloxoxov (fila 20)…
2025-07-14 11:32:12 - DEBUG - Pausa de 3.14 s
2025-07-14 11:32:16 - INFO - [8/40] Revisando @andycm._ (fila 21)…
2025-07-14 11:32:20 - INFO - Cerrando driver IG…
2025-07-14 11:33:12 - INFO - Iniciando conexión con Google Sheets...
2025-07-14 11:33:13 - INFO - Obteniendo contactos desde la hoja...
2025-07-14 11:33:13 - INFO - Obteniendo índices de columnas...
2025-07-14 11:33:14 - INFO - Actualizando interés a Alto para contactos con Respondió o Entrada Gratis...
2025-07-14 11:33:14 - INFO - Actualizado interés a 'Alto' para 61 contactos.
2025-07-14 11:33:14 - INFO - Iniciando Selenium WebDriver...
2025-07-14 11:33:16 - INFO - Driver de Chrome iniciado correctamente.
2025-07-14 11:33:16 - INFO - Contactos sin pase detectados: 1
2025-07-14 11:33:16 - INFO - Contactos con pase detectados: 0
2025-07-14 11:33:16 - INFO - Saltando envío de mensajes de convocatoria inicial.
2025-07-14 11:33:16 - INFO - Saltando envío de mensajes de resultados.
2025-07-14 11:33:16 - INFO - Saltando envío de recordatorios de confirmación.
2025-07-14 11:33:16 - INFO - Saltando revisión automática de respuestas.
2025-07-14 11:33:16 - INFO - Saltando envío de mensajes de integración.
2025-07-14 11:33:16 - INFO - Cerrando driver de Selenium...
2025-07-14 11:33:18 - INFO - Iniciando revisión de perfiles de Instagram...
2025-07-14 11:33:19 - INFO - Conectado a la hoja IG‑IM
2025-07-14 11:33:20 - INFO - Perfiles IG obtenidos: 178
2025-07-14 11:33:21 - INFO - Driver IG iniciado correctamente.
2025-07-14 11:33:21 - INFO - [1/40] Revisando @aloxoxov (fila 20)…
2025-07-14 11:33:26 - DEBUG - Pausa de 10.20 s
2025-07-14 11:33:37 - INFO - [2/40] Revisando @andycm._ (fila 21)…
2025-07-14 11:33:41 - DEBUG - Pausa de 10.48 s
2025-07-14 11:33:52 - INFO - [3/40] Revisando @_pimpflaca_ (fila 30)…
2025-07-14 11:33:57 - DEBUG - Pausa de 9.72 s
2025-07-14 11:34:07 - INFO - [4/40] Revisando @iamsteh_s2 (fila 34)…
2025-07-14 11:34:11 - DEBUG - Pausa de 5.27 s
2025-07-14 11:34:16 - INFO - [5/40] Revisando @danielwuttt (fila 36)…
2025-07-14 11:34:21 - DEBUG - Pausa de 6.15 s
2025-07-14 11:34:27 - INFO - [6/40] Revisando @schamusic_ (fila 37)…
2025-07-14 11:34:32 - DEBUG - Pausa de 8.46 s
2025-07-14 11:34:40 - INFO - Cerrando driver IG…
2025-07-14 11:34:52 - INFO - Revisión IG finalizada. 6 perfiles procesados.
2025-07-14 11:42:22 - INFO - Iniciando conexión con Google Sheets...
2025-07-14 11:42:23 - INFO - Obteniendo contactos desde la hoja...
2025-07-14 11:42:23 - INFO - Obteniendo índices de columnas...
2025-07-14 11:42:23 - INFO - Actualizando interés a Alto para contactos con Respondió o Entrada Gratis...
2025-07-14 11:42:23 - INFO - Actualizado interés a 'Alto' para 61 contactos.
2025-07-14 11:42:23 - INFO - Iniciando Selenium WebDriver...
2025-07-14 11:42:25 - INFO - Driver de Chrome iniciado correctamente.
2025-07-14 11:42:25 - INFO - Contactos sin pase detectados: 1
2025-07-14 11:42:25 - INFO - Contactos con pase detectados: 0
2025-07-14 11:42:25 - INFO - Saltando envío de mensajes de convocatoria inicial.
2025-07-14 11:42:25 - INFO - Saltando envío de mensajes de resultados.
2025-07-14 11:42:25 - INFO - Saltando envío de recordatorios de confirmación.
2025-07-14 11:42:25 - INFO - Saltando revisión automática de respuestas.
2025-07-14 11:42:25 - INFO - Saltando envío de mensajes de integración.
2025-07-14 11:42:25 - INFO - Cerrando driver de Selenium...
2025-07-14 11:42:28 - INFO - Iniciando revisión de perfiles de Instagram...
2025-07-14 11:42:29 - INFO - Conectado a la hoja IG‑IM
2025-07-14 11:42:29 - INFO - Perfiles IG obtenidos: 172
2025-07-14 11:42:31 - INFO - Driver IG iniciado correctamente.
2025-07-14 11:42:31 - INFO - [1/40] Revisando @diego5220 (fila 66)…
2025-07-14 11:42:40 - DEBUG - Pausa de 4.30 s
2025-07-14 11:42:44 - INFO - [2/40] Revisando @_irvinsing (fila 78)…
2025-07-14 11:42:46 - DEBUG - Pausa de 10.92 s
2025-07-14 11:42:57 - INFO - [3/40] Revisando @esme.mttz_ (fila 79)…
2025-07-14 11:43:04 - DEBUG - Pausa de 9.08 s
2025-07-14 11:43:14 - INFO - [4/40] Revisando @valsaninz (fila 104)…
2025-07-14 11:43:16 - DEBUG - Pausa de 9.16 s
2025-07-14 11:43:25 - INFO - [5/40] Revisando @sofiaa-gaes (fila 105)…
2025-07-14 11:43:37 - DEBUG - Pausa de 10.46 s
2025-07-14 11:43:47 - INFO - [6/40] Revisando @luzbel_zam (fila 108)…
2025-07-14 11:43:49 - DEBUG - Pausa de 4.40 s
2025-07-14 11:43:54 - INFO - [7/40] Revisando @shae_jz (fila 111)…
2025-07-14 11:43:59 - DEBUG - Pausa de 10.47 s
2025-07-14 11:44:00 - INFO - Cerrando driver IG…
2025-07-14 11:44:12 - INFO - Revisión IG finalizada. 7 perfiles procesados.
2025-07-14 11:45:00 - INFO - Iniciando conexión con Google Sheets...
2025-07-14 11:45:01 - INFO - Obteniendo contactos desde la hoja...
2025-07-14 11:45:01 - INFO - Obteniendo índices de columnas...
2025-07-14 11:45:02 - INFO - Actualizando interés a Alto para contactos con Respondió o Entrada Gratis...
2025-07-14 11:45:02 - INFO - Actualizado interés a 'Alto' para 61 contactos.
2025-07-14 11:45:02 - INFO - Iniciando Selenium WebDriver...
2025-07-14 11:45:04 - INFO - Driver de Chrome iniciado correctamente.
2025-07-14 11:45:04 - INFO - Contactos sin pase detectados: 1
2025-07-14 11:45:04 - INFO - Contactos con pase detectados: 0
2025-07-14 11:45:04 - INFO - Saltando envío de mensajes de convocatoria inicial.
2025-07-14 11:45:04 - INFO - Saltando envío de mensajes de resultados.
2025-07-14 11:45:04 - INFO - Saltando envío de recordatorios de confirmación.
2025-07-14 11:45:04 - INFO - Saltando revisión automática de respuestas.
2025-07-14 11:45:04 - INFO - Saltando envío de mensajes de integración.
2025-07-14 11:45:04 - INFO - Cerrando driver de Selenium...
2025-07-14 11:45:07 - INFO - Iniciando revisión de perfiles de Instagram...
2025-07-14 11:45:08 - INFO - Conectado a la hoja IG‑IM
2025-07-14 11:45:08 - INFO - Perfiles IG obtenidos: 170
2025-07-14 11:45:10 - INFO - Driver IG iniciado correctamente.
2025-07-14 11:45:10 - INFO - [1/40] Revisando @naimaag_ (fila 4)…
2025-07-14 11:45:18 - DEBUG - Pausa de 11.43 s
2025-07-14 11:45:29 - INFO - [2/40] Revisando @defrangatang (fila 10)…
2025-07-14 11:45:36 - DEBUG - Pausa de 8.60 s
2025-07-14 11:45:45 - INFO - [3/40] Revisando @aloxoxov (fila 20)…
2025-07-14 11:45:52 - DEBUG - Pausa de 9.31 s
2025-07-14 11:46:02 - INFO - [4/40] Revisando @andycm._ (fila 21)…
2025-07-14 11:46:09 - DEBUG - Pausa de 11.31 s
2025-07-14 11:46:20 - INFO - [5/40] Revisando @shae_jz (fila 111)…
2025-07-14 11:46:28 - DEBUG - Pausa de 11.83 s
2025-07-14 11:46:40 - INFO - [6/40] Revisando @aaron_zee (fila 112)…
2025-07-14 11:46:47 - DEBUG - Pausa de 11.02 s
2025-07-14 11:46:58 - INFO - [7/40] Revisando @briaguis (fila 113)…
2025-07-14 11:47:00 - DEBUG - Pausa de 5.19 s
2025-07-14 11:47:05 - INFO - [8/40] Revisando @hellooobian (fila 116)…
2025-07-14 11:47:13 - DEBUG - Pausa de 4.41 s
2025-07-14 11:47:13 - INFO - Cerrando driver IG…
2025-07-14 11:47:25 - INFO - Revisión IG finalizada. 8 perfiles procesados.
2025-07-14 11:48:27 - INFO - Iniciando conexión con Google Sheets...
2025-07-14 11:48:29 - INFO - Obteniendo contactos desde la hoja...
2025-07-14 11:48:29 - INFO - Obteniendo índices de columnas...
2025-07-14 11:48:30 - INFO - Actualizando interés a Alto para contactos con Respondió o Entrada Gratis...
2025-07-14 11:48:30 - INFO - Actualizado interés a 'Alto' para 61 contactos.
2025-07-14 11:48:30 - INFO - Iniciando Selenium WebDriver...
2025-07-14 11:48:32 - INFO - Driver de Chrome iniciado correctamente.
2025-07-14 11:48:32 - INFO - Contactos sin pase detectados: 1
2025-07-14 11:48:32 - INFO - Contactos con pase detectados: 0
2025-07-14 11:48:32 - INFO - Saltando envío de mensajes de convocatoria inicial.
2025-07-14 11:48:32 - INFO - Saltando envío de mensajes de resultados.
2025-07-14 11:48:32 - INFO - Saltando envío de recordatorios de confirmación.
2025-07-14 11:48:32 - INFO - Saltando revisión automática de respuestas.
2025-07-14 11:48:32 - INFO - Saltando envío de mensajes de integración.
2025-07-14 11:48:32 - INFO - Cerrando driver de Selenium...
2025-07-14 11:48:34 - INFO - Iniciando revisión de perfiles de Instagram...
2025-07-14 11:48:35 - INFO - Conectado a la hoja IG‑IM
2025-07-14 11:48:35 - INFO - Perfiles IG obtenidos: 163
2025-07-14 11:48:37 - INFO - Driver IG iniciado correctamente.
2025-07-14 11:48:37 - INFO - [1/40] Revisando @hellooobian (fila 116)…
2025-07-14 11:48:45 - DEBUG - Pausa de 9.38 s
2025-07-14 11:48:55 - INFO - [2/40] Revisando @ruep310n4 (fila 117)…
2025-07-14 11:49:07 - DEBUG - Pausa de 7.31 s
2025-07-14 11:49:14 - INFO - [3/40] Revisando @fridabello (fila 123)…
2025-07-14 11:49:22 - DEBUG - Pausa de 6.31 s
2025-07-14 11:49:28 - INFO - [4/40] Revisando @sagasztta (fila 124)…
2025-07-14 11:49:40 - DEBUG - Pausa de 9.84 s
2025-07-14 11:49:50 - INFO - [5/40] Revisando @mirivmataa (fila 125)…
2025-07-14 11:49:52 - DEBUG - Pausa de 9.78 s
2025-07-14 11:50:02 - INFO - [6/40] Revisando @arvidito (fila 126)…
2025-07-14 11:50:09 - DEBUG - Pausa de 8.96 s
2025-07-14 11:50:18 - INFO - [7/40] Revisando @jimenam0 (fila 127)…
2025-07-14 11:50:26 - DEBUG - Pausa de 9.72 s
2025-07-14 11:50:36 - INFO - [8/40] Revisando @fer.carens23 (fila 128)…
2025-07-14 11:50:47 - DEBUG - Pausa de 5.98 s
2025-07-14 11:50:53 - INFO - [9/40] Revisando @mcarminaa_ (fila 129)…
2025-07-14 11:50:56 - DEBUG - Pausa de 6.27 s
2025-07-14 11:51:02 - INFO - [10/40] Revisando @alex_er_leish_ (fila 130)…
2025-07-14 11:51:10 - DEBUG - Pausa de 8.53 s
2025-07-14 11:51:19 - INFO - [11/40] Revisando @dyana_cts (fila 131)…
2025-07-14 11:51:26 - DEBUG - Pausa de 7.04 s
2025-07-14 11:51:33 - INFO - [12/40] Revisando @Irving-est (fila 132)…
2025-07-14 11:51:45 - DEBUG - Pausa de 11.09 s
2025-07-14 11:51:56 - INFO - [13/40] Revisando @camila_floresc (fila 133)…
2025-07-14 11:51:59 - DEBUG - Pausa de 4.90 s
2025-07-14 11:52:04 - INFO - [14/40] Revisando @karen_alarc (fila 134)…
2025-07-14 11:52:06 - DEBUG - Pausa de 4.72 s
2025-07-14 11:52:10 - INFO - [15/40] Revisando @Ivaval (fila 135)…
2025-07-14 11:52:13 - DEBUG - Pausa de 10.96 s
2025-07-14 11:52:23 - INFO - [16/40] Revisando @gretheldance (fila 136)…
2025-07-14 11:52:26 - DEBUG - Pausa de 6.75 s
2025-07-14 11:52:32 - INFO - [17/40] Revisando @alejandranh (fila 137)…
2025-07-14 11:52:35 - DEBUG - Pausa de 6.31 s
2025-07-14 11:52:41 - INFO - [18/40] Revisando @e.perla (fila 138)…
2025-07-14 11:52:43 - DEBUG - Pausa de 7.69 s
2025-07-14 11:52:51 - INFO - [19/40] Revisando @marthadelhoyo (fila 139)…
2025-07-14 11:52:53 - DEBUG - Pausa de 5.77 s
2025-07-14 11:52:59 - INFO - [20/40] Revisando @robertmars08 (fila 140)…
2025-07-14 11:53:06 - DEBUG - Pausa de 8.79 s
2025-07-14 11:53:15 - INFO - [21/40] Revisando @melissazuntag (fila 141)…
2025-07-14 11:53:27 - DEBUG - Pausa de 10.77 s
2025-07-14 11:53:38 - INFO - [22/40] Revisando @ser_expansiva (fila 142)…
2025-07-14 11:53:49 - DEBUG - Pausa de 8.55 s
2025-07-14 11:53:58 - INFO - [23/40] Revisando @pretttyflaco (fila 143)…
2025-07-14 11:54:00 - DEBUG - Pausa de 7.24 s
2025-07-14 11:54:08 - INFO - [24/40] Revisando @un_espiral_ (fila 144)…
2025-07-14 11:54:10 - DEBUG - Pausa de 7.13 s
2025-07-14 11:54:17 - INFO - [25/40] Revisando @astonrbrown (fila 145)…
2025-07-14 11:54:19 - DEBUG - Pausa de 11.41 s
2025-07-14 11:54:30 - INFO - [26/40] Revisando @maxosg_artist (fila 146)…
2025-07-14 11:54:32 - DEBUG - Pausa de 10.68 s
2025-07-14 11:54:43 - INFO - [27/40] Revisando @aliciamartinez7213 (fila 147)…
2025-07-14 11:54:51 - DEBUG - Pausa de 10.90 s
2025-07-14 11:55:02 - INFO - [28/40] Revisando @dianarctic (fila 148)…
2025-07-14 11:55:04 - DEBUG - Pausa de 8.52 s
2025-07-14 11:55:12 - INFO - [29/40] Revisando @dara.ppm (fila 149)…
2025-07-14 11:55:19 - DEBUG - Pausa de 6.88 s
2025-07-14 11:55:26 - INFO - [30/40] Revisando @matilde_montenat (fila 150)…
2025-07-14 11:55:38 - DEBUG - Pausa de 6.64 s
2025-07-14 11:55:45 - INFO - [31/40] Revisando @catacrux (fila 151)…
2025-07-14 11:55:52 - DEBUG - Pausa de 6.03 s
2025-07-14 11:55:58 - INFO - [32/40] Revisando @knwnth (fila 152)…
2025-07-14 11:56:06 - DEBUG - Pausa de 9.63 s
2025-07-14 11:56:15 - INFO - [33/40] Revisando @obnubilada (fila 154)…
2025-07-14 11:56:18 - DEBUG - Pausa de 8.08 s
2025-07-14 11:56:26 - INFO - [34/40] Revisando @aka.chinaski (fila 155)…
2025-07-14 11:56:28 - DEBUG - Pausa de 8.47 s
2025-07-14 11:56:36 - INFO - [35/40] Revisando @somebodyfeedmarcie (fila 156)…
2025-07-14 11:56:38 - DEBUG - Pausa de 5.51 s
2025-07-14 11:56:44 - INFO - [36/40] Revisando @visualskydream (fila 157)…
2025-07-14 11:56:55 - DEBUG - Pausa de 5.84 s
2025-07-14 11:57:01 - INFO - [37/40] Revisando @natsukiserna (fila 158)…
2025-07-14 11:57:09 - DEBUG - Pausa de 9.40 s
2025-07-14 11:57:18 - INFO - [38/40] Revisando @_ximps (fila 159)…
2025-07-14 11:57:21 - DEBUG - Pausa de 4.61 s
2025-07-14 11:57:25 - INFO - [39/40] Revisando @farkas_8a_73 (fila 160)…
2025-07-14 11:58:00 - DEBUG - Pausa de 8.11 s
2025-07-14 11:58:08 - INFO - [40/40] Revisando @ximena_goe_12 (fila 161)…
2025-07-14 11:58:23 - DEBUG - Pausa de 10.16 s
2025-07-14 11:58:33 - INFO - Se alcanzó el límite de 40 perfiles. Finalizando.
2025-07-14 11:58:33 - INFO - Cerrando driver IG…
2025-07-14 11:58:36 - INFO - Revisión IG finalizada. 40 perfiles procesados.
2025-07-14 12:05:28 - INFO - Iniciando conexión con Google Sheets...
2025-07-14 12:05:29 - INFO - Obteniendo contactos desde la hoja...
2025-07-14 12:05:30 - INFO - Obteniendo índices de columnas...
2025-07-14 12:05:30 - INFO - Actualizando interés a Alto para contactos con Respondió o Entrada Gratis...
2025-07-14 12:05:31 - INFO - Actualizado interés a 'Alto' para 61 contactos.
2025-07-14 12:05:31 - INFO - Iniciando Selenium WebDriver...
2025-07-14 12:05:33 - INFO - Driver de Chrome iniciado correctamente.
2025-07-14 12:05:33 - INFO - Contactos sin pase detectados: 1
2025-07-14 12:05:33 - INFO - Contactos con pase detectados: 0
2025-07-14 12:05:33 - INFO - Saltando envío de mensajes de convocatoria inicial.
2025-07-14 12:05:33 - INFO - Saltando envío de mensajes de resultados.
2025-07-14 12:05:33 - INFO - Saltando envío de recordatorios de confirmación.
2025-07-14 12:05:33 - INFO - Saltando revisión automática de respuestas.
2025-07-14 12:05:33 - INFO - Saltando envío de mensajes de integración.
2025-07-14 12:05:33 - INFO - Cerrando driver de Selenium...
2025-07-14 12:05:35 - INFO - Iniciando revisión de perfiles de Instagram...
2025-07-14 12:05:36 - INFO - Conectado a la hoja IG‑IM
2025-07-14 12:05:37 - INFO - Perfiles IG obtenidos: 124
2025-07-14 12:05:38 - INFO - Driver IG iniciado correctamente.
2025-07-14 12:05:38 - INFO - [1/80] Revisando @marthadelhoyo (fila 139)…
2025-07-14 12:05:41 - DEBUG - Pausa de 7.12 s
2025-07-14 12:05:48 - INFO - [2/80] Revisando @hnojosa.jimena (fila 162)…
2025-07-14 12:06:00 - DEBUG - Pausa de 4.88 s
2025-07-14 12:06:05 - INFO - [3/80] Revisando @luaadame (fila 163)…
2025-07-14 12:06:13 - DEBUG - Pausa de 5.55 s
2025-07-14 12:06:18 - INFO - [4/80] Revisando @apinzon (fila 164)…
2025-07-14 12:06:26 - DEBUG - Pausa de 10.34 s
2025-07-14 12:06:36 - INFO - [5/80] Revisando @ximedag (fila 166)…
2025-07-14 12:06:44 - DEBUG - Pausa de 9.18 s
2025-07-14 12:06:53 - INFO - [6/80] Revisando @_elena.ag (fila 167)…
2025-07-14 12:06:56 - DEBUG - Pausa de 4.26 s
2025-07-14 12:07:00 - INFO - [7/80] Revisando @BethanyZamarron (fila 168)…
2025-07-14 12:07:07 - DEBUG - Pausa de 8.92 s
2025-07-14 12:07:16 - INFO - [8/80] Revisando @peycutshall (fila 169)…
2025-07-14 12:07:18 - DEBUG - Pausa de 4.99 s
2025-07-14 12:07:23 - INFO - [9/80] Revisando @gabequintero (fila 170)…
2025-07-14 12:07:30 - DEBUG - Pausa de 7.94 s
2025-07-14 12:07:38 - INFO - [10/80] Revisando @saf.biglari (fila 171)…
2025-07-14 12:07:50 - DEBUG - Pausa de 7.29 s
2025-07-14 12:07:57 - INFO - [11/80] Revisando @kimmivonnee (fila 172)…
2025-07-14 12:07:59 - DEBUG - Pausa de 8.72 s
2025-07-14 12:08:08 - INFO - [12/80] Revisando @pilaryerena (fila 173)…
2025-07-14 12:08:15 - DEBUG - Pausa de 11.99 s
2025-07-14 12:08:27 - INFO - [13/80] Revisando @vicky_shanteeel (fila 174)…
2025-07-14 12:08:30 - DEBUG - Pausa de 6.59 s
2025-07-14 12:08:36 - INFO - [14/80] Revisando @jovanni.rivas (fila 175)…
2025-07-14 12:08:39 - DEBUG - Pausa de 9.63 s
2025-07-14 12:08:49 - INFO - [15/80] Revisando @whodawala (fila 178)…
2025-07-14 12:08:56 - DEBUG - Pausa de 10.89 s
2025-07-14 12:09:07 - INFO - [16/80] Revisando @sandragon21 (fila 179)…
2025-07-14 12:09:09 - DEBUG - Pausa de 11.18 s
2025-07-14 12:09:21 - INFO - [17/80] Revisando @robinbardon (fila 180)…
2025-07-14 12:09:23 - DEBUG - Pausa de 4.21 s
2025-07-14 12:09:27 - INFO - [18/80] Revisando @lyssbugg (fila 181)…
2025-07-14 12:09:35 - DEBUG - Pausa de 11.52 s
2025-07-14 12:09:47 - INFO - [19/80] Revisando @Ryanmac504 (fila 182)…
2025-07-14 12:09:54 - DEBUG - Pausa de 11.05 s
2025-07-14 12:10:05 - INFO - [20/80] Revisando @nutriologarebecaalcantara (fila 183)…
2025-07-14 12:10:07 - DEBUG - Pausa de 7.10 s
2025-07-14 12:10:14 - INFO - [21/80] Revisando @octaviovictoriamx (fila 184)…
2025-07-14 12:10:16 - DEBUG - Pausa de 5.95 s
2025-07-14 12:10:22 - INFO - [22/80] Revisando @sarale.vy (fila 185)…
2025-07-14 12:10:24 - DEBUG - Pausa de 6.55 s
2025-07-14 12:10:31 - INFO - [23/80] Revisando @dondeseescuchaelviento (fila 186)…
2025-07-14 12:10:39 - DEBUG - Pausa de 5.13 s
2025-07-14 12:10:44 - INFO - [24/80] Revisando @kauyumariii (fila 187)…
2025-07-14 12:10:46 - DEBUG - Pausa de 6.95 s
2025-07-14 12:10:53 - INFO - [25/80] Revisando @mauro.sanchez.navarro (fila 188)…
2025-07-14 12:10:55 - DEBUG - Pausa de 7.98 s
2025-07-14 12:11:03 - INFO - [26/80] Revisando @alejandropuente (fila 189)…
2025-07-14 12:11:15 - DEBUG - Pausa de 4.13 s
2025-07-14 12:11:19 - INFO - [27/80] Revisando @fridastrid (fila 190)…
2025-07-14 12:11:21 - DEBUG - Pausa de 9.92 s
2025-07-14 12:11:31 - INFO - [28/80] Revisando @aiyferr (fila 191)…
2025-07-14 12:11:42 - DEBUG - Pausa de 5.63 s
2025-07-14 12:11:48 - INFO - [29/80] Revisando @Jondschulz (fila 192)…
2025-07-14 12:11:50 - DEBUG - Pausa de 9.06 s
2025-07-14 12:12:00 - INFO - [30/80] Revisando @valentinaledonn (fila 193)…
2025-07-14 12:12:02 - DEBUG - Pausa de 4.44 s
2025-07-14 12:12:06 - INFO - [31/80] Revisando @aleksandramc (fila 194)…
2025-07-14 12:12:13 - DEBUG - Pausa de 8.93 s
2025-07-14 12:12:22 - INFO - [32/80] Revisando @ambar_malu (fila 195)…
2025-07-14 12:12:30 - DEBUG - Pausa de 7.04 s
2025-07-14 12:12:37 - INFO - [33/80] Revisando @booozdieguito (fila 196)…
2025-07-14 12:12:48 - DEBUG - Pausa de 5.41 s
2025-07-14 12:12:54 - INFO - [34/80] Revisando @cam.espinoz4 (fila 197)…
2025-07-14 12:12:56 - DEBUG - Pausa de 9.36 s
2025-07-14 12:13:05 - INFO - [35/80] Revisando @lirio0000 (fila 198)…
2025-07-14 12:13:07 - DEBUG - Pausa de 9.03 s
2025-07-14 12:13:16 - INFO - [36/80] Revisando @matt_is_high (fila 199)…
2025-07-14 12:13:24 - DEBUG - Pausa de 10.81 s
2025-07-14 12:13:35 - INFO - [37/80] Revisando @ale.urreta (fila 200)…
2025-07-14 12:13:42 - DEBUG - Pausa de 9.01 s
2025-07-14 12:13:51 - INFO - [38/80] Revisando @fere_nike15 (fila 201)…
2025-07-14 12:13:59 - DEBUG - Pausa de 8.96 s
2025-07-14 12:14:08 - INFO - [39/80] Revisando @c.osmicandy (fila 202)…
2025-07-14 12:14:10 - DEBUG - Pausa de 9.45 s
2025-07-14 12:14:19 - INFO - [40/80] Revisando @yoga_gazette (fila 203)…
2025-07-14 12:14:31 - DEBUG - Pausa de 4.34 s
2025-07-14 12:14:35 - INFO - [41/80] Revisando @anndreasolis (fila 204)…
2025-07-14 12:14:43 - DEBUG - Pausa de 4.26 s
2025-07-14 12:14:47 - INFO - [42/80] Revisando @are_e (fila 205)…
2025-07-14 12:14:55 - DEBUG - Pausa de 6.00 s
2025-07-14 12:15:01 - INFO - [43/80] Revisando @valeramalv (fila 206)…
2025-07-14 12:15:08 - DEBUG - Pausa de 7.62 s
2025-07-14 12:15:16 - INFO - [44/80] Revisando @monamona_yeah (fila 207)…
2025-07-14 12:15:23 - DEBUG - Pausa de 4.11 s
2025-07-14 12:15:27 - INFO - [45/80] Revisando @lacastadeian (fila 208)…
2025-07-14 12:15:29 - DEBUG - Pausa de 10.77 s
2025-07-14 12:15:40 - INFO - [46/80] Revisando @femandessohn (fila 209)…
2025-07-14 12:15:52 - DEBUG - Pausa de 4.34 s
2025-07-14 12:15:56 - INFO - [47/80] Revisando @gaelotames (fila 211)…
2025-07-14 12:16:04 - DEBUG - Pausa de 10.74 s
2025-07-14 12:16:14 - INFO - [48/80] Revisando @mastachita86 (fila 215)…
2025-07-14 12:16:16 - DEBUG - Pausa de 7.23 s
2025-07-14 12:16:23 - INFO - [49/80] Revisando @ren.gove (fila 216)…
2025-07-14 12:16:31 - DEBUG - Pausa de 5.04 s
2025-07-14 12:16:36 - INFO - [50/80] Revisando @elodie_char (fila 217)…
2025-07-14 12:16:38 - DEBUG - Pausa de 9.19 s
2025-07-14 12:16:47 - INFO - [51/80] Revisando @tam.alba (fila 223)…
2025-07-14 12:16:49 - DEBUG - Pausa de 7.05 s
2025-07-14 12:16:56 - INFO - [52/80] Revisando @carlos.a.b.o (fila 224)…
2025-07-14 12:16:59 - DEBUG - Pausa de 4.81 s
2025-07-14 12:17:03 - INFO - [53/80] Revisando @TRINIBARRAN (fila 225)…
2025-07-14 12:17:15 - DEBUG - Pausa de 7.76 s
2025-07-14 12:17:23 - INFO - [54/80] Revisando @martinaorrego (fila 226)…
2025-07-14 12:17:25 - DEBUG - Pausa de 6.97 s
2025-07-14 12:17:32 - INFO - [55/80] Revisando @sara_cp027 (fila 227)…
2025-07-14 12:17:39 - DEBUG - Pausa de 5.76 s
2025-07-14 12:17:45 - INFO - [56/80] Revisando @sunnybetsy_ (fila 228)…
2025-07-14 12:17:47 - DEBUG - Pausa de 11.82 s
2025-07-14 12:17:58 - INFO - [57/80] Revisando @jussawako (fila 229)…
2025-07-14 12:18:00 - DEBUG - Pausa de 4.94 s
2025-07-14 12:18:05 - INFO - [58/80] Revisando @rominovich (fila 230)…
2025-07-14 12:18:13 - DEBUG - Pausa de 5.01 s
2025-07-14 12:18:18 - INFO - [59/80] Revisando @emmaaenri (fila 231)…
2025-07-14 12:18:26 - DEBUG - Pausa de 11.37 s
2025-07-14 12:18:37 - INFO - [60/80] Revisando @it.stefano (fila 232)…
2025-07-14 12:18:45 - DEBUG - Pausa de 10.02 s
2025-07-14 12:18:55 - INFO - [61/80] Revisando @caetana_se_cae (fila 233)…
2025-07-14 12:19:02 - DEBUG - Pausa de 4.80 s
2025-07-14 12:19:07 - INFO - [62/80] Revisando @zoe_cabbb (fila 234)…
2025-07-14 12:19:14 - DEBUG - Pausa de 9.25 s
2025-07-14 12:19:23 - INFO - [63/80] Revisando @andreazulmg (fila 235)…
2025-07-14 12:19:26 - DEBUG - Pausa de 7.49 s
2025-07-14 12:19:33 - INFO - [64/80] Revisando @greciaa_ramirez (fila 236)…
2025-07-14 12:19:41 - DEBUG - Pausa de 10.10 s
2025-07-14 12:19:51 - INFO - [65/80] Revisando @lenni.89 (fila 237)…
2025-07-14 12:19:53 - DEBUG - Pausa de 7.52 s
2025-07-14 12:20:01 - INFO - [66/80] Revisando @daniella_bit (fila 238)…
2025-07-14 12:20:12 - DEBUG - Pausa de 9.73 s
2025-07-14 12:20:22 - INFO - [67/80] Revisando @minionmiondespeinado (fila 240)…
2025-07-14 12:20:24 - DEBUG - Pausa de 5.22 s
2025-07-14 12:20:30 - INFO - [68/80] Revisando @fercy_sainos (fila 241)…
2025-07-14 12:20:32 - DEBUG - Pausa de 11.35 s
2025-07-14 12:20:43 - INFO - [69/80] Revisando @_saaale1 (fila 242)…
2025-07-14 12:20:55 - DEBUG - Pausa de 4.82 s
2025-07-14 12:21:00 - INFO - [70/80] Revisando @nataliavadillo (fila 243)…
2025-07-14 12:21:08 - DEBUG - Pausa de 4.11 s
2025-07-14 12:21:12 - INFO - [71/80] Revisando @pili.ov (fila 244)…
2025-07-14 12:21:19 - DEBUG - Pausa de 6.59 s
2025-07-14 12:21:26 - INFO - [72/80] Revisando @Amor_dashking (fila 259)…
2025-07-14 12:21:38 - DEBUG - Pausa de 5.88 s
2025-07-14 12:21:44 - INFO - [73/80] Revisando @kndraarf (fila 260)…
2025-07-14 12:21:46 - DEBUG - Pausa de 7.95 s
2025-07-14 12:21:54 - INFO - [74/80] Revisando @keeperofthepizza (fila 264)…
2025-07-14 12:21:56 - DEBUG - Pausa de 5.97 s
2025-07-14 12:22:02 - INFO - [75/80] Revisando @lenaa.tattoo (fila 265)…
2025-07-14 12:22:04 - DEBUG - Pausa de 5.36 s
2025-07-14 12:22:09 - INFO - [76/80] Revisando @luciernagaseneltecho (fila 266)…
2025-07-14 12:22:11 - DEBUG - Pausa de 8.20 s
2025-07-14 12:22:20 - INFO - [77/80] Revisando @verdeverve (fila 267)…
2025-07-14 12:22:27 - DEBUG - Pausa de 8.36 s
2025-07-14 12:22:36 - INFO - [78/80] Revisando @_eva.anaya_ (fila 269)…
2025-07-14 12:22:43 - DEBUG - Pausa de 7.52 s
2025-07-14 12:22:51 - INFO - [79/80] Revisando @itsangora (fila 270)…
2025-07-14 12:22:53 - DEBUG - Pausa de 6.74 s
2025-07-14 12:22:59 - INFO - [80/80] Revisando @metzrosales (fila 271)…
2025-07-14 12:23:02 - DEBUG - Pausa de 10.95 s
2025-07-14 12:23:13 - INFO - Se alcanzó el límite de 80 perfiles. Finalizando.
2025-07-14 12:23:13 - INFO - Cerrando driver IG…
2025-07-14 12:23:15 - INFO - Revisión IG finalizada. 80 perfiles procesados.
2025-07-14 12:37:19 - INFO - Iniciando conexión con Google Sheets...
2025-07-14 12:37:20 - INFO - Obteniendo contactos desde la hoja...
2025-07-14 12:37:20 - INFO - Obteniendo índices de columnas...
2025-07-14 12:37:21 - INFO - Actualizando interés a Alto para contactos con Respondió o Entrada Gratis...
2025-07-14 12:37:21 - INFO - Actualizado interés a 'Alto' para 61 contactos.
2025-07-14 12:37:21 - INFO - Iniciando Selenium WebDriver...
2025-07-14 12:37:23 - INFO - Driver de Chrome iniciado correctamente.
2025-07-14 12:37:23 - INFO - Contactos sin pase detectados: 1
2025-07-14 12:37:23 - INFO - Contactos con pase detectados: 0
2025-07-14 12:37:23 - INFO - Saltando envío de mensajes de convocatoria inicial.
2025-07-14 12:37:23 - INFO - Saltando envío de mensajes de resultados.
2025-07-14 12:37:23 - INFO - Saltando envío de recordatorios de confirmación.
2025-07-14 12:37:23 - INFO - Saltando revisión automática de respuestas.
2025-07-14 12:37:23 - INFO - Saltando envío de mensajes de integración.
2025-07-14 12:37:23 - INFO - Cerrando driver de Selenium...
2025-07-14 12:37:25 - INFO - Iniciando revisión de perfiles de Instagram...
2025-07-14 12:37:26 - INFO - Conectado a la hoja IG‑IM
2025-07-14 12:37:26 - INFO - Perfiles IG obtenidos: 45
2025-07-14 12:37:28 - INFO - Driver IG iniciado correctamente.
2025-07-14 12:37:28 - INFO - [1/80] Revisando @keeperofthepizza (fila 264)…
2025-07-14 12:37:31 - DEBUG - Pausa de 6.06 s
2025-07-14 12:37:37 - INFO - [2/80] Revisando @spencer_schuster (fila 277)…
2025-07-14 12:37:44 - DEBUG - Pausa de 4.07 s
2025-07-14 12:37:48 - INFO - [3/80] Revisando @netflix.and.rachill (fila 278)…
2025-07-14 12:37:51 - DEBUG - Pausa de 8.19 s
2025-07-14 12:37:59 - INFO - [4/80] Revisando @clau_gumte (fila 280)…
2025-07-14 12:38:01 - DEBUG - Pausa de 9.83 s
2025-07-14 12:38:11 - INFO - [5/80] Revisando @isa_altamirano_n (fila 281)…
2025-07-14 12:38:22 - DEBUG - Pausa de 7.95 s
2025-07-14 12:38:30 - INFO - [6/80] Revisando @isa_altamirano (fila 283)…
2025-07-14 12:38:33 - DEBUG - Pausa de 9.85 s
2025-07-14 12:38:43 - INFO - [7/80] Revisando @dj.berelau (fila 285)…
2025-07-14 12:38:45 - DEBUG - Pausa de 11.63 s
2025-07-14 12:38:57 - INFO - [8/80] Revisando @dhyandroik (fila 286)…
2025-07-14 12:38:59 - DEBUG - Pausa de 4.61 s
2025-07-14 12:39:03 - INFO - [9/80] Revisando @barbitxh420 (fila 287)…
2025-07-14 12:39:11 - DEBUG - Pausa de 7.84 s
2025-07-14 12:39:19 - INFO - [10/80] Revisando @caro_art24 (fila 288)…
2025-07-14 12:39:21 - DEBUG - Pausa de 10.58 s
2025-07-14 12:39:31 - INFO - [11/80] Revisando @leamomotte (fila 290)…
2025-07-14 12:39:39 - DEBUG - Pausa de 5.74 s
2025-07-14 12:39:45 - INFO - [12/80] Revisando @iteranq (fila 291)…
2025-07-14 12:39:47 - DEBUG - Pausa de 9.47 s
2025-07-14 12:39:56 - INFO - [13/80] Revisando @mary_ve (fila 292)…
2025-07-14 12:40:04 - DEBUG - Pausa de 11.21 s
2025-07-14 12:40:15 - INFO - [14/80] Revisando @noreeeenmalik (fila 293)…
2025-07-14 12:40:23 - DEBUG - Pausa de 7.61 s
2025-07-14 12:40:30 - INFO - [15/80] Revisando @grr_1005 (fila 294)…
2025-07-14 12:40:38 - DEBUG - Pausa de 11.16 s
2025-07-14 12:40:49 - INFO - [16/80] Revisando @alinelame_3 (fila 295)…
2025-07-14 12:41:01 - DEBUG - Pausa de 8.50 s
2025-07-14 12:41:09 - INFO - [17/80] Revisando @jmmillan (fila 297)…
2025-07-14 12:41:17 - DEBUG - Pausa de 4.46 s
2025-07-14 12:41:21 - INFO - [18/80] Revisando @zuleikadeciga1 (fila 298)…
2025-07-14 12:41:23 - DEBUG - Pausa de 4.36 s
2025-07-14 12:41:28 - INFO - [19/80] Revisando @lei.s_chips (fila 299)…
2025-07-14 12:41:30 - DEBUG - Pausa de 9.00 s
2025-07-14 12:41:39 - INFO - [20/80] Revisando @lapeladitadelcentro (fila 300)…
2025-07-14 12:41:41 - DEBUG - Pausa de 8.82 s
2025-07-14 12:41:49 - INFO - [21/80] Revisando @taniaarrdz (fila 301)…
2025-07-14 12:41:57 - DEBUG - Pausa de 10.30 s
2025-07-14 12:42:07 - INFO - [22/80] Revisando @zuricsebas (fila 302)…
2025-07-14 12:42:10 - DEBUG - Pausa de 10.28 s
2025-07-14 12:42:20 - INFO - [23/80] Revisando @lu_bhlmn (fila 303)…
2025-07-14 12:42:27 - DEBUG - Pausa de 5.82 s
2025-07-14 12:42:33 - INFO - [24/80] Revisando @ale_pecas75 (fila 304)…
2025-07-14 12:42:44 - DEBUG - Pausa de 9.08 s
2025-07-14 12:42:54 - INFO - [25/80] Revisando @xavierez (fila 305)…
2025-07-14 12:43:01 - DEBUG - Pausa de 7.21 s
2025-07-14 12:43:08 - INFO - [26/80] Revisando @marioigartua (fila 306)…
2025-07-14 12:43:15 - DEBUG - Pausa de 4.97 s
2025-07-14 12:43:20 - INFO - [27/80] Revisando @liz.santana.mx (fila 308)…
2025-07-14 12:43:22 - DEBUG - Pausa de 11.73 s
2025-07-14 12:43:34 - INFO - [28/80] Revisando @romi_zyo (fila 310)…
2025-07-14 12:43:36 - DEBUG - Pausa de 8.40 s
2025-07-14 12:43:45 - INFO - [29/80] Revisando @patobaezarc (fila 311)…
2025-07-14 12:43:52 - DEBUG - Pausa de 7.23 s
2025-07-14 12:43:59 - INFO - [30/80] Revisando @ailenjschwarz (fila 312)…
2025-07-14 12:44:07 - DEBUG - Pausa de 8.51 s
2025-07-14 12:44:15 - INFO - [31/80] Revisando @marianamanri_ (fila 314)…
2025-07-14 12:44:27 - DEBUG - Pausa de 5.64 s
2025-07-14 12:44:33 - INFO - [32/80] Revisando @alexespinoo_ (fila 316)…
2025-07-14 12:44:40 - DEBUG - Pausa de 6.37 s
2025-07-14 12:44:47 - INFO - [33/80] Revisando @eavalosfdz (fila 317)…
2025-07-14 12:44:49 - DEBUG - Pausa de 11.64 s
2025-07-14 12:45:00 - INFO - [34/80] Revisando @adrianluevanos (fila 319)…
2025-07-14 12:45:08 - DEBUG - Pausa de 9.76 s
2025-07-14 12:45:18 - INFO - [35/80] Revisando @paulayola (fila 320)…
2025-07-14 12:45:20 - DEBUG - Pausa de 7.89 s
2025-07-14 12:45:28 - INFO - [36/80] Revisando @diegoserrnh (fila 322)…
2025-07-14 12:45:40 - DEBUG - Pausa de 11.09 s
2025-07-14 12:45:51 - INFO - [37/80] Revisando @mariannaym (fila 323)…
2025-07-14 12:45:53 - DEBUG - Pausa de 11.21 s
2025-07-14 12:46:04 - INFO - [38/80] Revisando @inistrauss (fila 324)…
2025-07-14 12:46:06 - DEBUG - Pausa de 8.43 s
2025-07-14 12:46:14 - INFO - [39/80] Revisando @robertadelaportilla (fila 326)…
2025-07-14 12:46:16 - DEBUG - Pausa de 11.09 s
2025-07-14 12:46:28 - INFO - [40/80] Revisando @isadelaportilla (fila 327)…
2025-07-14 12:46:30 - DEBUG - Pausa de 8.42 s
2025-07-14 12:46:38 - INFO - [41/80] Revisando @cons_entida1000 (fila 328)…
2025-07-14 12:46:40 - DEBUG - Pausa de 8.01 s
2025-07-14 12:46:48 - INFO - [42/80] Revisando @zoeximenaoficial (fila 329)…
2025-07-14 12:46:50 - DEBUG - Pausa de 4.81 s
2025-07-14 12:46:55 - INFO - [43/80] Revisando @beludavito (fila 330)…
2025-07-14 12:46:57 - DEBUG - Pausa de 6.85 s
2025-07-14 12:47:04 - INFO - [44/80] Revisando @anto_cataniaok (fila 331)…
2025-07-14 12:47:06 - DEBUG - Pausa de 5.01 s
2025-07-14 12:47:11 - INFO - [45/80] Revisando @giuli_castellani (fila 332)…
2025-07-14 12:47:14 - DEBUG - Pausa de 6.59 s
2025-07-14 12:47:20 - INFO - Cerrando driver IG…
2025-07-14 12:47:23 - INFO - Revisión IG finalizada. 45 perfiles procesados.
2025-07-14 13:38:03 - INFO - Iniciando conexión con Google Sheets...
2025-07-14 13:38:04 - INFO - Obteniendo contactos desde la hoja...
2025-07-14 13:38:04 - INFO - Obteniendo índices de columnas...
2025-07-14 13:38:05 - INFO - Actualizando interés a Alto para contactos con Respondió o Entrada Gratis...
2025-07-14 13:38:05 - INFO - Actualizado interés a 'Alto' para 61 contactos.
2025-07-14 13:38:05 - INFO - Iniciando Selenium WebDriver...
2025-07-14 13:38:07 - INFO - Driver de Chrome iniciado correctamente.
2025-07-14 13:38:07 - INFO - Contactos sin pase detectados: 1
2025-07-14 13:38:07 - INFO - Contactos con pase detectados: 0
2025-07-14 13:38:07 - INFO - Saltando envío de mensajes de convocatoria inicial.
2025-07-14 13:38:07 - INFO - Saltando envío de mensajes de resultados.
2025-07-14 13:38:07 - INFO - Saltando envío de recordatorios de confirmación.
2025-07-14 13:38:07 - INFO - Saltando revisión automática de respuestas.
2025-07-14 13:38:07 - INFO - Saltando envío de mensajes de integración.
2025-07-14 13:38:07 - INFO - Cerrando driver de Selenium...
2025-07-14 13:38:09 - INFO - Iniciando revisión de perfiles de Instagram...
2025-07-14 13:38:10 - INFO - Conectado a la hoja IG‑IM
2025-07-14 13:38:11 - INFO - Perfiles IG obtenidos: 7
2025-07-14 13:38:13 - INFO - Driver IG iniciado correctamente.
2025-07-14 13:38:13 - INFO - [1/80] Revisando @marthadelhoyo (fila 139)…
2025-07-14 13:38:15 - DEBUG - Pausa de 6.59 s
2025-07-14 13:38:22 - INFO - [2/80] Revisando @mauro.sanchez.navarro (fila 188)…
2025-07-14 13:38:24 - DEBUG - Pausa de 7.21 s
2025-07-14 13:38:31 - INFO - [3/80] Revisando @fridastrid (fila 190)…
2025-07-14 13:38:33 - DEBUG - Pausa de 5.66 s
2025-07-14 13:38:39 - INFO - [4/80] Revisando @martinaorrego (fila 226)…
2025-07-14 13:38:41 - DEBUG - Pausa de 6.83 s
2025-07-14 13:38:48 - INFO - [5/80] Revisando @keeperofthepizza (fila 264)…
2025-07-14 13:38:50 - DEBUG - Pausa de 10.56 s
2025-07-14 13:39:01 - INFO - [6/80] Revisando @mariannaym (fila 323)…
2025-07-14 13:39:03 - DEBUG - Pausa de 6.48 s
2025-07-14 13:39:09 - INFO - [7/80] Revisando @zoeximenaoficial (fila 329)…
2025-07-14 13:39:11 - DEBUG - Pausa de 9.46 s
2025-07-14 13:39:21 - INFO - Cerrando driver IG…
2025-07-14 13:39:23 - INFO - Revisión IG finalizada. 7 perfiles procesados.
2025-07-14 13:45:54 - INFO - Iniciando conexión con Google Sheets...
2025-07-14 13:45:55 - INFO - Obteniendo contactos desde la hoja...
2025-07-14 13:45:55 - INFO - Obteniendo índices de columnas...
2025-07-14 13:45:56 - INFO - Actualizando interés a Alto para contactos con Respondió o Entrada Gratis...
2025-07-14 13:45:56 - INFO - Actualizado interés a 'Alto' para 61 contactos.
2025-07-14 13:45:56 - INFO - Iniciando Selenium WebDriver...
2025-07-14 13:45:58 - INFO - Driver de Chrome iniciado correctamente.
2025-07-14 13:45:58 - INFO - Contactos sin pase detectados: 1
2025-07-14 13:45:58 - INFO - Contactos con pase detectados: 0
2025-07-14 13:45:58 - INFO - Saltando envío de mensajes de convocatoria inicial.
2025-07-14 13:45:58 - INFO - Saltando envío de mensajes de resultados.
2025-07-14 13:45:58 - INFO - Saltando envío de recordatorios de confirmación.
2025-07-14 13:45:58 - INFO - Saltando revisión automática de respuestas.
2025-07-14 13:45:58 - INFO - Saltando envío de mensajes de integración.
2025-07-14 13:45:58 - INFO - Cerrando driver de Selenium...
2025-07-14 13:46:01 - INFO - Iniciando revisión de perfiles de Instagram...
2025-07-14 13:46:01 - INFO - Conectado a la hoja IG‑IM
2025-07-14 13:46:02 - INFO - Perfiles IG obtenidos: 8
2025-07-14 13:46:04 - INFO - Driver IG iniciado correctamente.
2025-07-14 13:46:04 - INFO - [1/80] Revisando @marthadelhoyo (fila 139)…
2025-07-14 13:46:07 - DEBUG - Pausa de 7.61 s
2025-07-14 13:46:14 - INFO - [2/80] Revisando @mauro.sanchez.navarro (fila 188)…
2025-07-14 13:46:16 - DEBUG - Pausa de 7.06 s
2025-07-14 13:46:23 - INFO - [3/80] Revisando @fridastrid (fila 190)…
2025-07-14 13:46:25 - DEBUG - Pausa de 9.88 s
2025-07-14 13:46:35 - INFO - [4/80] Revisando @martinaorrego (fila 226)…
2025-07-14 13:46:37 - DEBUG - Pausa de 8.64 s
2025-07-14 13:46:46 - INFO - [5/80] Revisando @keeperofthepizza (fila 264)…
2025-07-14 13:46:48 - DEBUG - Pausa de 11.37 s
2025-07-14 13:46:59 - INFO - [6/80] Revisando @mariannaym (fila 323)…
2025-07-14 13:47:01 - DEBUG - Pausa de 10.34 s
2025-07-14 13:47:11 - INFO - [7/80] Revisando @robertadelaportilla (fila 326)…
2025-07-14 13:47:13 - DEBUG - Pausa de 5.21 s
2025-07-14 13:47:18 - INFO - [8/80] Revisando @zoeximenaoficial (fila 329)…
2025-07-14 13:47:21 - DEBUG - Pausa de 8.31 s
2025-07-14 13:47:29 - INFO - Cerrando driver IG…
2025-07-14 13:47:31 - INFO - Revisión IG finalizada. 8 perfiles procesados.
2025-07-14 13:52:28 - INFO - Iniciando conexión con Google Sheets...
2025-07-14 13:52:30 - INFO - Obteniendo contactos desde la hoja...
2025-07-14 13:52:30 - INFO - Obteniendo índices de columnas...
2025-07-14 13:52:30 - INFO - Actualizando interés a Alto para contactos con Respondió o Entrada Gratis...
2025-07-14 13:52:31 - INFO - Actualizado interés a 'Alto' para 61 contactos.
2025-07-14 13:52:31 - INFO - Iniciando Selenium WebDriver...
2025-07-14 13:52:32 - INFO - Driver de Chrome iniciado correctamente.
2025-07-14 13:52:32 - INFO - Contactos sin pase detectados: 1
2025-07-14 13:52:32 - INFO - Contactos con pase detectados: 0
2025-07-14 13:52:32 - INFO - Saltando envío de mensajes de convocatoria inicial.
2025-07-14 13:52:32 - INFO - Saltando envío de mensajes de resultados.
2025-07-14 13:52:32 - INFO - Saltando envío de recordatorios de confirmación.
2025-07-14 13:52:32 - INFO - Saltando revisión automática de respuestas.
2025-07-14 13:52:32 - INFO - Saltando envío de mensajes de integración.
2025-07-14 13:52:32 - INFO - Cerrando driver de Selenium...
2025-07-14 13:52:36 - INFO - Iniciando revisión de perfiles de Instagram...
2025-07-14 13:52:36 - INFO - Conectado a la hoja IG‑IM
2025-07-14 13:52:37 - INFO - Perfiles IG obtenidos: 7
2025-07-14 13:52:39 - INFO - Driver IG iniciado correctamente.
2025-07-14 13:52:39 - INFO - [1/80] Revisando @marthadelhoyo (fila 139)…
2025-07-14 13:52:42 - DEBUG - Pausa de 4.24 s
2025-07-14 13:52:46 - INFO - [2/80] Revisando @mauro.sanchez.navarro (fila 188)…
2025-07-14 13:52:48 - DEBUG - Pausa de 8.34 s
2025-07-14 13:52:57 - INFO - [3/80] Revisando @fridastrid (fila 190)…
2025-07-14 13:52:59 - DEBUG - Pausa de 7.41 s
2025-07-14 13:53:06 - INFO - [4/80] Revisando @keeperofthepizza (fila 264)…
2025-07-14 13:53:09 - DEBUG - Pausa de 5.74 s
2025-07-14 13:53:15 - INFO - [5/80] Revisando @mariannaym (fila 323)…
2025-07-14 13:53:17 - DEBUG - Pausa de 6.91 s
2025-07-14 13:53:24 - INFO - [6/80] Revisando @robertadelaportilla (fila 326)…
2025-07-14 13:53:26 - DEBUG - Pausa de 11.51 s
2025-07-14 13:53:38 - INFO - [7/80] Revisando @zoeximenaoficial (fila 329)…
2025-07-14 13:53:40 - DEBUG - Pausa de 9.03 s
2025-07-14 13:53:49 - INFO - Cerrando driver IG…
2025-07-14 13:53:52 - INFO - Revisión IG finalizada. 7 perfiles procesados.
2025-07-19 10:25:59 - INFO - Iniciando conexión con Google Sheets...
2025-07-19 10:26:01 - INFO - Obteniendo contactos desde la hoja...
2025-07-19 10:26:01 - INFO - Obteniendo índices de columnas...
2025-07-19 10:26:02 - INFO - Actualizando interés a Alto para contactos con Respondió o Entrada Gratis...
2025-07-19 10:26:02 - INFO - Actualizado interés a 'Alto' para 61 contactos.
2025-07-19 10:26:02 - INFO - Iniciando Selenium WebDriver...
2025-07-19 10:26:05 - INFO - Driver de Chrome iniciado correctamente.
2025-07-19 10:26:05 - INFO - Contactos sin pase detectados: 1
2025-07-19 10:26:05 - INFO - Contactos con pase detectados: 0
2025-07-19 10:26:05 - INFO - Saltando envío de mensajes de convocatoria inicial.
2025-07-19 10:26:05 - INFO - Saltando envío de mensajes de resultados.
2025-07-19 10:26:05 - INFO - Saltando envío de recordatorios de confirmación.
2025-07-19 10:26:05 - INFO - Saltando revisión automática de respuestas.
2025-07-19 10:26:05 - INFO - Saltando envío de mensajes de integración.
2025-07-19 10:26:05 - INFO - Cerrando driver de Selenium...
2025-07-19 10:26:07 - INFO - Iniciando revisión de perfiles de Instagram...
2025-07-19 10:26:08 - INFO - Conectado a la hoja IG‑IM
2025-07-19 10:26:09 - INFO - Perfiles IG obtenidos: 14
2025-07-19 10:26:11 - INFO - Driver IG iniciado correctamente.
2025-07-19 10:26:11 - INFO - [1/80] Revisando @regmancera (fila 333)…
2025-07-19 10:26:21 - DEBUG - Pausa de 10.45 s
2025-07-19 10:26:32 - INFO - [2/80] Revisando @jamel_ac (fila 335)…
2025-07-19 10:26:39 - DEBUG - Pausa de 8.99 s
2025-07-19 10:26:48 - INFO - [3/80] Revisando @saraxexe (fila 340)…
2025-07-19 10:26:51 - DEBUG - Pausa de 4.77 s
2025-07-19 10:26:55 - INFO - [4/80] Revisando @alorocha_ (fila 342)…
2025-07-19 10:27:03 - DEBUG - Pausa de 10.92 s
2025-07-19 10:27:14 - INFO - [5/80] Revisando @itzelrru (fila 343)…
2025-07-19 10:27:16 - DEBUG - Pausa de 4.72 s
2025-07-19 10:27:21 - INFO - [6/80] Revisando @femelixte (fila 344)…
2025-07-19 10:27:34 - DEBUG - Pausa de 4.60 s
2025-07-19 10:27:39 - INFO - [7/80] Revisando @cesseerr (fila 345)…
2025-07-19 10:27:51 - DEBUG - Pausa de 11.47 s
2025-07-19 10:28:02 - INFO - [8/80] Revisando @betou.wav (fila 346)…
2025-07-19 10:28:04 - DEBUG - Pausa de 11.18 s
2025-07-19 10:28:15 - INFO - [9/80] Revisando @javilouis (fila 347)…
2025-07-19 10:28:17 - DEBUG - Pausa de 4.83 s
2025-07-19 10:28:22 - INFO - [10/80] Revisando @azul_alejandre (fila 348)…
2025-07-19 10:28:34 - DEBUG - Pausa de 11.53 s
2025-07-19 10:28:45 - INFO - [11/80] Revisando @AlonsoStapich (fila 349)…
2025-07-19 10:28:48 - DEBUG - Pausa de 10.92 s
2025-07-19 10:28:59 - INFO - [12/80] Revisando @azulmurilloo (fila 350)…
2025-07-19 10:29:01 - DEBUG - Pausa de 6.99 s
2025-07-19 10:29:08 - INFO - [13/80] Revisando @zth98 (fila 354)…
2025-07-19 10:29:11 - DEBUG - Pausa de 5.76 s
2025-07-19 10:29:16 - INFO - [14/80] Revisando @_chispa.estudio (fila 355)…
2025-07-19 10:29:19 - DEBUG - Pausa de 4.99 s
2025-07-19 10:29:24 - INFO - Cerrando driver IG…
2025-07-19 10:29:26 - INFO - Revisión IG finalizada. 14 perfiles procesados.
2025-07-21 10:06:40 - INFO - Iniciando conexión con Google Sheets...
2025-07-21 10:06:41 - INFO - Obteniendo contactos desde la hoja...
2025-07-21 10:06:41 - INFO - Obteniendo índices de columnas...
2025-07-21 10:06:41 - INFO - Actualizando interés a Alto para contactos con Respondió o Entrada Gratis...
2025-07-21 10:06:41 - INFO - Actualizado interés a 'Alto' para 61 contactos.
2025-07-21 10:06:41 - INFO - Iniciando Selenium WebDriver...
2025-07-21 10:06:44 - INFO - Driver de Chrome iniciado correctamente.
2025-07-21 10:06:44 - INFO - Contactos sin pase detectados: 1
2025-07-21 10:06:44 - INFO - Contactos con pase detectados: 0
2025-07-21 10:06:44 - INFO - Saltando envío de mensajes de convocatoria inicial.
2025-07-21 10:06:44 - INFO - Saltando envío de mensajes de resultados.
2025-07-21 10:06:44 - INFO - Saltando envío de recordatorios de confirmación.
2025-07-21 10:06:44 - INFO - Saltando revisión automática de respuestas.
2025-07-21 10:06:44 - INFO - Saltando envío de mensajes de integración.
2025-07-21 10:06:44 - INFO - Cerrando driver de Selenium...
2025-07-21 10:06:46 - INFO - Iniciando revisión de perfiles de Instagram...
2025-07-21 10:06:47 - INFO - Conectado a la hoja IG‑IM
2025-07-21 10:06:47 - INFO - Perfiles IG obtenidos: 1
2025-07-21 10:06:49 - INFO - Driver IG iniciado correctamente.
2025-07-21 10:06:49 - INFO - [1/80] Revisando @hinojosa.jimena (fila 162)…
2025-07-21 10:06:57 - DEBUG - Pausa de 11.06 s
2025-07-21 10:07:08 - INFO - Cerrando driver IG…
2025-07-21 10:07:11 - INFO - Revisión IG finalizada. 1 perfiles procesados.
